26/04/06 15:14:28 INFO: #FastProtein Software 1.0
26/04/06 15:14:28 INFO: #Developed by Bioinformatic Laboratory - UFSC and IFSC
26/04/06 15:14:28 INFO: #An automated pipeline for proteomic profile analysis
26/04/06 15:14:28 INFO: #Questions and issues: renato.simoes@ifsc.edu.br
26/04/06 15:14:28 INFO: #See more about the project at https://github.com/bioinformatics-ufsc/FastProtein
26/04/06 15:14:28 INFO: 
26/04/06 15:14:28 INFO: Process started time: Mon Apr 06 15:14:28 UTC 2026
26/04/06 15:14:28 INFO: Temporary output folder: /FastProtein/temp/d1aaa2d7-3076-46eb-a06f-49c15cd78b06
26/04/06 15:14:28 INFO: Final output folder: /data/results_fastprotein
26/04/06 15:14:28 INFO: 
26/04/06 15:14:28 INFO: Proteins in FASTA: 3676
26/04/06 15:14:28 INFO: Proteins viable for analysis: 3676
26/04/06 15:14:28 INFO: Executing ERRet - Search for Endoplasmic Reticulum Retention sites 
26/04/06 15:14:28 INFO: Executing N-Glyc - Search for N-glycosylation sites
26/04/06 15:14:28 INFO: Executing WoLFPSORT - Subcellular localization prediction
26/04/06 15:15:22 INFO: 	External Command time: 53.946S
26/04/06 15:15:22 INFO: 	     FastProtein time: 0.025S
26/04/06 15:15:22 INFO: 	           Total time: 53.971S
26/04/06 15:15:22 INFO: Executing TMHMM-2.0c - Search for transmembrane domains
26/04/06 15:15:22 INFO: 	External Command time: 0.068S
26/04/06 15:15:22 INFO: 	     FastProtein time: 0.002S
26/04/06 15:15:22 INFO: 	           Total time: 0.07S
26/04/06 15:15:22 INFO: Executing SignalP-5 - Search for signal peptide
26/04/06 15:16:36 INFO: 	External Command time: 1M13.752S
26/04/06 15:16:36 INFO: 	     FastProtein time: 0.073S
26/04/06 15:16:36 INFO: 	           Total time: 1M13.825S
26/04/06 15:16:36 INFO: Executing PredGPI - Search for Glycosylphosphatidylinositol (GPI) domain
26/04/06 15:17:04 INFO: 	External Command time: 27.88S
26/04/06 15:17:04 INFO: 	     FastProtein time: 0.018S
26/04/06 15:17:04 INFO: 	           Total time: 27.898S
26/04/06 15:17:04 INFO: Executing Phobius - Search for signal peptide and transmembrane domains
26/04/06 15:19:12 INFO: 	External Command time: 2M7.931S
26/04/06 15:19:12 INFO: 	     FastProtein time: 0.061S
26/04/06 15:19:12 INFO: 	           Total time: 2M7.992S
26/04/06 15:19:12 INFO: Skipping - InterproScan
26/04/06 15:19:12 INFO: Skipping - Search for similarity
26/04/06 15:19:14 INFO: Creating output files: .CSV
26/04/06 15:19:15 INFO: Creating output files: .TSV
26/04/06 15:19:15 INFO: Creating output files: .TXT
26/04/06 15:19:15 INFO: Creating output files: .SEP
26/04/06 15:19:15 INFO: Creating Charts
26/04/06 15:19:18 INFO: Creating ODF (Open Document Format) file 
26/04/06 15:19:18 INFO: Creating XLS (Excel Spreadsheet) file
26/04/06 15:19:21 INFO: 
26/04/06 15:19:21 INFO: Processed proteins: 3676
26/04/06 15:19:21 INFO: Process started at: Mon Apr 06 15:14:27 UTC 2026
26/04/06 15:19:21 INFO: Process ended at: Mon Apr 06 15:19:21 UTC 2026
26/04/06 15:19:21 INFO: General processing time
26/04/06 15:19:21 INFO: 	External Command time: 4M43.577S
26/04/06 15:19:21 INFO: 	     FastProtein time: 10.297S
26/04/06 15:19:21 INFO: 	           Total time: 4M53.874S
26/04/06 15:19:21 INFO: Check out your generated files in /data/results_fastprotein
26/04/06 15:19:21 INFO: Thank you for using FastProtein, we hope it will be useful for your research. Please, cite us!
26/04/06 15:19:21 INFO: 
Moreira RS, Benetti Filho V, Maia GA, Soratto TAT, Kawagoe EK, Russi BC, Miletti LC, Wagner G. 2024.
26/04/06 15:19:21 INFO: FastProtein???an automated software for in silico proteomic analysis.
26/04/06 15:19:21 INFO: PeerJ 12:e18309 https://doi.org/10.7717/peerj.18309
